<?xml version="1.0" encoding="UTF-8"?>
<!-- Generated by org.testng.reporters.JUnitReportReporter -->
<testsuite hostname="DESKTOP-MD6G5O7" failures="0" tests="1" name="practise.ExtentReportDemo" time="0.561" errors="0" timestamp="2020-03-28T11:01:14 IST" skipped="0">
  <testcase classname="practise.ExtentReportDemo" name="loginTest" time="0.561"/>
  <system-out/>
</testsuite> <!-- practise.ExtentReportDemo -->
