<?xml version="1.0" encoding="UTF-8"?>
<!-- Generated by org.testng.reporters.JUnitReportReporter -->
<testsuite hostname="DESKTOP-MD6G5O7" failures="0" tests="5" name="TestNG.Display" time="0.024" errors="0" timestamp="2020-03-24T14:58:48 IST" skipped="0">
  <testcase classname="TestNG.Display" name="customer2" time="0.007"/>
  <system-out/>
  <testcase classname="TestNG.Display" name="admin1" time="0.013"/>
  <system-out/>
  <testcase classname="TestNG.Display" name="customer3" time="0.002"/>
  <system-out/>
  <testcase classname="TestNG.Display" name="customer1" time="0.001"/>
  <system-out/>
  <testcase classname="TestNG.Display" name="admin2" time="0.001"/>
  <system-out/>
</testsuite> <!-- TestNG.Display -->
