<?xml version="1.0" encoding="UTF-8"?>
<!-- Generated by org.testng.reporters.JUnitReportReporter -->
<testsuite hostname="DESKTOP-MD6G5O7" failures="0" tests="3" name="TestNG.Parallel2" time="0.028" errors="0" timestamp="2020-03-24T16:13:09 IST" skipped="0">
  <testcase classname="TestNG.Parallel2" name="testcase5" time="0.004"/>
  <system-out/>
  <testcase classname="TestNG.Parallel2" name="testcase6" time="0.010"/>
  <system-out/>
  <testcase classname="TestNG.Parallel2" name="testcase4" time="0.014"/>
  <system-out/>
</testsuite> <!-- TestNG.Parallel2 -->
