<?xml version="1.0" encoding="UTF-8"?>
<!-- Generated by org.testng.reporters.JUnitReportReporter -->
<testsuite hostname="DESKTOP-MD6G5O7" failures="0" tests="1" name="miniproject.test.TestSelenium" time="23.057" errors="0" timestamp="2020-03-25T17:30:02 IST" skipped="0">
  <testcase classname="miniproject.test.TestSelenium" name="testchrome" time="23.057"/>
  <system-out/>
</testsuite> <!-- miniproject.test.TestSelenium -->
