<?xml version="1.0" encoding="UTF-8"?>
<!-- Generated by org.testng.reporters.JUnitReportReporter -->
<testsuite hostname="DESKTOP-MD6G5O7" failures="0" tests="1" name="TestNG.VerifyWordpressLogin" time="60.690" errors="0" timestamp="2020-03-26T22:04:08 IST" skipped="0">
  <testcase classname="TestNG.VerifyWordpressLogin" name="verifyValidLogin" time="60.690"/>
  <system-out/>
</testsuite> <!-- TestNG.VerifyWordpressLogin -->
