<?xml version="1.0" encoding="UTF-8"?>
<!-- Generated by org.testng.reporters.JUnitReportReporter -->
<testsuite hostname="DESKTOP-MD6G5O7" failures="0" tests="2" name="miniproject.test.ValidAndInvalidLogin" time="56.596" errors="0" timestamp="2020-03-25T20:45:08 IST" skipped="0">
  <testcase classname="miniproject.test.ValidAndInvalidLogin" name="validlogin" time="33.438"/>
  <system-out/>
  <testcase classname="miniproject.test.ValidAndInvalidLogin" name="Invalidlogin" time="23.158"/>
  <system-out/>
</testsuite> <!-- miniproject.test.ValidAndInvalidLogin -->
