<?xml version="1.0" encoding="UTF-8"?>
<!-- Generated by org.testng.reporters.JUnitReportReporter -->
<testsuite hostname="DESKTOP-MD6G5O7" failures="0" tests="1" name="miniproject.test.DdExcelWordpressLogin" time="0.000" errors="0" timestamp="2020-03-28T12:52:38 IST" skipped="1">
  <testcase classname="miniproject.test.DdExcelWordpressLogin" name="loginToWordpress" time="0.000">
    <skipped/>
  </testcase> <!-- loginToWordpress -->
  <system-out/>
</testsuite> <!-- miniproject.test.DdExcelWordpressLogin -->
