<?xml version="1.0" encoding="UTF-8"?>
<!-- Generated by org.testng.reporters.JUnitReportReporter -->
<testsuite hostname="DESKTOP-MD6G5O7" failures="0" tests="1" name="TestNG.TestSelenium" time="0.014" errors="0" timestamp="2020-03-25T11:39:12 IST" skipped="0">
  <testcase classname="TestNG.TestSelenium" name="testconfig" time="0.014"/>
  <system-out/>
</testsuite> <!-- TestNG.TestSelenium -->
