<?xml version="1.0" encoding="UTF-8"?>
<!-- Generated by org.testng.reporters.JUnitReportReporter -->
<testsuite hostname="DESKTOP-MD6G5O7" failures="0" tests="3" name="TestNG.Parallel1" time="0.049" errors="0" timestamp="2020-03-24T16:13:09 IST" skipped="0">
  <testcase classname="TestNG.Parallel1" name="testcase1" time="0.017"/>
  <system-out/>
  <testcase classname="TestNG.Parallel1" name="testcase2" time="0.017"/>
  <system-out/>
  <testcase classname="TestNG.Parallel1" name="testcase3" time="0.015"/>
  <system-out/>
</testsuite> <!-- TestNG.Parallel1 -->
